<?xml version="1.0" encoding="UTF-8"?>
<testng-results ignored="0" total="1" passed="1" failed="0" skipped="0">
  <reporter-output>
  </reporter-output>
  <suite started-at="2024-02-20T13:25:13 PST" name="Default suite" finished-at="2024-02-20T13:25:13 PST" duration-ms="173">
    <groups>
    </groups>
    <test started-at="2024-02-20T13:25:13 PST" name="Default test" finished-at="2024-02-20T13:25:13 PST" duration-ms="173">
      <class name="vtigerProject.ReadDataFromCmdLine">
        <test-method signature="readData()[pri:0, instance:vtigerProject.ReadDataFromCmdLine@67f639d3]" started-at="2024-02-20T13:25:13 PST" name="readData" finished-at="2024-02-20T13:25:13 PST" duration-ms="42" status="PASS">
          <reporter-output>
          </reporter-output>
        </test-method> <!-- readData -->
      </class> <!-- vtigerProject.ReadDataFromCmdLine -->
    </test> <!-- Default test -->
  </suite> <!-- Default suite -->
</testng-results>
